This file contains any messages produced by compilers while
running configure, to aid debugging if configure makes a mistake.

It was created by tair_rdb configure 2.3.5.5, which was
generated by GNU Autoconf 2.69.  Invocation command line was

  $ ./configure 

## --------- ##
## Platform. ##
## --------- ##

hostname = 5a926fde51bc
uname -m = x86_64
uname -r = 3.10.0-229.4.2.el7.x86_64
uname -s = Linux
uname -v = #1 SMP Wed May 13 10:06:09 UTC 2015

/usr/bin/uname -p = x86_64
/bin/uname -X     = unknown

/bin/arch              = x86_64
/usr/bin/arch -k       = unknown
/usr/convex/getsysinfo = unknown
/usr/bin/hostinfo      = unknown
/bin/machine           = unknown
/usr/bin/oslevel       = unknown
/bin/universe          = unknown

PATH: /usr/local/sbin
PATH: /usr/local/bin
PATH: /usr/sbin
PATH: /usr/bin
PATH: /root/bin


## ----------- ##
## Core tests. ##
## ----------- ##

configure:2322: checking for a BSD-compatible install
configure:2390: result: /usr/bin/install -c
configure:2401: checking whether build environment is sane
configure:2456: result: yes
configure:2607: checking for a thread-safe mkdir -p
configure:2646: result: /usr/bin/mkdir -p
configure:2653: checking for gawk
configure:2669: found /usr/bin/gawk
configure:2680: result: gawk
configure:2691: checking whether make sets $(MAKE)
configure:2713: result: yes
configure:2742: checking whether make supports nested variables
configure:2759: result: yes
configure:2934: checking for g++
configure:2950: found /usr/bin/g++
configure:2961: result: g++
configure:2988: checking for C++ compiler version
configure:2997: g++ --version >&5
g++ (GCC) 4.8.3 20140911 (Red Hat 4.8.3-9)
Copyright (C) 2013 Free Software Foundation, Inc.
This is free software; see the source for copying conditions.  There is NO
warranty; not even for MERCHANTABILITY or FITNESS FOR A PARTICULAR PURPOSE.

configure:3008: $? = 0
configure:2997: g++ -v >&5
Using built-in specs.
COLLECT_GCC=g++
COLLECT_LTO_WRAPPER=/usr/libexec/gcc/x86_64-redhat-linux/4.8.3/lto-wrapper
Target: x86_64-redhat-linux
Configured with: ../configure --prefix=/usr --mandir=/usr/share/man --infodir=/usr/share/info --with-bugurl=http://bugzilla.redhat.com/bugzilla --enable-bootstrap --enable-shared --enable-threads=posix --enable-checking=release --with-system-zlib --enable-__cxa_atexit --disable-libunwind-exceptions --enable-gnu-unique-object --enable-linker-build-id --with-linker-hash-style=gnu --enable-languages=c,c++,objc,obj-c++,java,fortran,ada,go,lto --enable-plugin --enable-initfini-array --disable-libgcj --with-isl=/builddir/build/BUILD/gcc-4.8.3-20140911/obj-x86_64-redhat-linux/isl-install --with-cloog=/builddir/build/BUILD/gcc-4.8.3-20140911/obj-x86_64-redhat-linux/cloog-install --enable-gnu-indirect-function --with-tune=generic --with-arch_32=x86-64 --build=x86_64-redhat-linux
Thread model: posix
gcc version 4.8.3 20140911 (Red Hat 4.8.3-9) (GCC) 
configure:3008: $? = 0
configure:2997: g++ -V >&5
g++: error: unrecognized command line option '-V'
g++: fatal error: no input files
compilation terminated.
configure:3008: $? = 4
configure:2997: g++ -qversion >&5
g++: error: unrecognized command line option '-qversion'
g++: fatal error: no input files
compilation terminated.
configure:3008: $? = 4
configure:3028: checking whether the C++ compiler works
configure:3050: g++ -g -Wall -DBOOST_SPIRIT_THREADSAFE -D__USE_LARGEFILE64 -D_FILE_OFFSET_BITS=64 -D_LARGE_FILE  -D_LARGEFILE_SOURCE -D_LARGEFILE64_SOURCE -DTAIR_DEBUG   conftest.cpp  >&5
configure:3054: $? = 0
configure:3102: result: yes
configure:3105: checking for C++ compiler default output file name
configure:3107: result: a.out
configure:3113: checking for suffix of executables
configure:3120: g++ -o conftest -g -Wall -DBOOST_SPIRIT_THREADSAFE -D__USE_LARGEFILE64 -D_FILE_OFFSET_BITS=64 -D_LARGE_FILE  -D_LARGEFILE_SOURCE -D_LARGEFILE64_SOURCE -DTAIR_DEBUG   conftest.cpp  >&5
configure:3124: $? = 0
configure:3146: result: 
configure:3168: checking whether we are cross compiling
configure:3176: g++ -o conftest -g -Wall -DBOOST_SPIRIT_THREADSAFE -D__USE_LARGEFILE64 -D_FILE_OFFSET_BITS=64 -D_LARGE_FILE  -D_LARGEFILE_SOURCE -D_LARGEFILE64_SOURCE -DTAIR_DEBUG   conftest.cpp  >&5
configure:3180: $? = 0
configure:3187: ./conftest
configure:3191: $? = 0
configure:3206: result: no
configure:3211: checking for suffix of object files
configure:3233: g++ -c -g -Wall -DBOOST_SPIRIT_THREADSAFE -D__USE_LARGEFILE64 -D_FILE_OFFSET_BITS=64 -D_LARGE_FILE  -D_LARGEFILE_SOURCE -D_LARGEFILE64_SOURCE -DTAIR_DEBUG  conftest.cpp >&5
configure:3237: $? = 0
configure:3258: result: o
configure:3262: checking whether we are using the GNU C++ compiler
configure:3281: g++ -c -g -Wall -DBOOST_SPIRIT_THREADSAFE -D__USE_LARGEFILE64 -D_FILE_OFFSET_BITS=64 -D_LARGE_FILE  -D_LARGEFILE_SOURCE -D_LARGEFILE64_SOURCE -DTAIR_DEBUG  conftest.cpp >&5
configure:3281: $? = 0
configure:3290: result: yes
configure:3299: checking whether g++ accepts -g
configure:3319: g++ -c -g  conftest.cpp >&5
configure:3319: $? = 0
configure:3360: result: yes
configure:3394: checking for style of include used by make
configure:3422: result: GNU
configure:3448: checking dependency style of g++
configure:3559: result: gcc3
configure:3609: checking build system type
configure:3623: result: x86_64-unknown-linux-gnu
configure:3643: checking host system type
configure:3656: result: x86_64-unknown-linux-gnu
configure:3697: checking how to print strings
configure:3724: result: printf
configure:3793: checking for gcc
configure:3809: found /usr/bin/gcc
configure:3820: result: gcc
configure:4049: checking for C compiler version
configure:4058: gcc --version >&5
gcc (GCC) 4.8.3 20140911 (Red Hat 4.8.3-9)
Copyright (C) 2013 Free Software Foundation, Inc.
This is free software; see the source for copying conditions.  There is NO
warranty; not even for MERCHANTABILITY or FITNESS FOR A PARTICULAR PURPOSE.

configure:4069: $? = 0
configure:4058: gcc -v >&5
Using built-in specs.
COLLECT_GCC=gcc
COLLECT_LTO_WRAPPER=/usr/libexec/gcc/x86_64-redhat-linux/4.8.3/lto-wrapper
Target: x86_64-redhat-linux
Configured with: ../configure --prefix=/usr --mandir=/usr/share/man --infodir=/usr/share/info --with-bugurl=http://bugzilla.redhat.com/bugzilla --enable-bootstrap --enable-shared --enable-threads=posix --enable-checking=release --with-system-zlib --enable-__cxa_atexit --disable-libunwind-exceptions --enable-gnu-unique-object --enable-linker-build-id --with-linker-hash-style=gnu --enable-languages=c,c++,objc,obj-c++,java,fortran,ada,go,lto --enable-plugin --enable-initfini-array --disable-libgcj --with-isl=/builddir/build/BUILD/gcc-4.8.3-20140911/obj-x86_64-redhat-linux/isl-install --with-cloog=/builddir/build/BUILD/gcc-4.8.3-20140911/obj-x86_64-redhat-linux/cloog-install --enable-gnu-indirect-function --with-tune=generic --with-arch_32=x86-64 --build=x86_64-redhat-linux
Thread model: posix
gcc version 4.8.3 20140911 (Red Hat 4.8.3-9) (GCC) 
configure:4069: $? = 0
configure:4058: gcc -V >&5
gcc: error: unrecognized command line option '-V'
gcc: fatal error: no input files
compilation terminated.
configure:4069: $? = 4
configure:4058: gcc -qversion >&5
gcc: error: unrecognized command line option '-qversion'
gcc: fatal error: no input files
compilation terminated.
configure:4069: $? = 4
configure:4073: checking whether we are using the GNU C compiler
configure:4092: gcc -c   conftest.c >&5
configure:4092: $? = 0
configure:4101: result: yes
configure:4110: checking whether gcc accepts -g
configure:4130: gcc -c -g  conftest.c >&5
configure:4130: $? = 0
configure:4171: result: yes
configure:4188: checking for gcc option to accept ISO C89
configure:4251: gcc  -c -g -O2  conftest.c >&5
configure:4251: $? = 0
configure:4264: result: none needed
configure:4286: checking dependency style of gcc
configure:4397: result: gcc3
configure:4412: checking for a sed that does not truncate output
configure:4476: result: /usr/bin/sed
configure:4494: checking for grep that handles long lines and -e
configure:4552: result: /usr/bin/grep
configure:4557: checking for egrep
configure:4619: result: /usr/bin/grep -E
configure:4624: checking for fgrep
configure:4686: result: /usr/bin/grep -F
configure:4721: checking for ld used by gcc
configure:4788: result: /usr/bin/ld
configure:4795: checking if the linker (/usr/bin/ld) is GNU ld
configure:4810: result: yes
configure:4822: checking for BSD- or MS-compatible name lister (nm)
configure:4871: result: /usr/bin/nm -B
configure:5001: checking the name lister (/usr/bin/nm -B) interface
configure:5008: g++ -c -g -Wall -DBOOST_SPIRIT_THREADSAFE -D__USE_LARGEFILE64 -D_FILE_OFFSET_BITS=64 -D_LARGE_FILE  -D_LARGEFILE_SOURCE -D_LARGEFILE64_SOURCE -DTAIR_DEBUG  conftest.cpp >&5
configure:5011: /usr/bin/nm -B "conftest.o"
configure:5014: output
0000000000000000 B some_variable
configure:5021: result: BSD nm
configure:5024: checking whether ln -s works
configure:5028: result: yes
configure:5036: checking the maximum length of command line arguments
configure:5166: result: 1572864
configure:5183: checking whether the shell understands some XSI constructs
configure:5193: result: yes
configure:5197: checking whether the shell understands "+="
configure:5203: result: yes
configure:5238: checking how to convert x86_64-unknown-linux-gnu file names to x86_64-unknown-linux-gnu format
configure:5278: result: func_convert_file_noop
configure:5285: checking how to convert x86_64-unknown-linux-gnu file names to toolchain format
configure:5305: result: func_convert_file_noop
configure:5312: checking for /usr/bin/ld option to reload object files
configure:5319: result: -r
configure:5393: checking for objdump
configure:5409: found /usr/bin/objdump
configure:5420: result: objdump
configure:5452: checking how to recognize dependent libraries
configure:5654: result: pass_all
configure:5739: checking for dlltool
configure:5769: result: no
configure:5799: checking how to associate runtime and link libraries
configure:5826: result: printf %s\n
configure:5887: checking for ar
configure:5903: found /usr/bin/ar
configure:5914: result: ar
configure:5951: checking for archiver @FILE support
configure:5968: g++ -c -g -Wall -DBOOST_SPIRIT_THREADSAFE -D__USE_LARGEFILE64 -D_FILE_OFFSET_BITS=64 -D_LARGE_FILE  -D_LARGEFILE_SOURCE -D_LARGEFILE64_SOURCE -DTAIR_DEBUG  conftest.cpp >&5
configure:5968: $? = 0
configure:5971: ar cru libconftest.a @conftest.lst >&5
configure:5974: $? = 0
configure:5979: ar cru libconftest.a @conftest.lst >&5
ar: conftest.o: No such file or directory
configure:5982: $? = 1
configure:5994: result: @
configure:6052: checking for strip
configure:6068: found /usr/bin/strip
configure:6079: result: strip
configure:6151: checking for ranlib
configure:6167: found /usr/bin/ranlib
configure:6178: result: ranlib
configure:6280: checking command to parse /usr/bin/nm -B output from gcc object
configure:6400: g++ -c -g -Wall -DBOOST_SPIRIT_THREADSAFE -D__USE_LARGEFILE64 -D_FILE_OFFSET_BITS=64 -D_LARGE_FILE  -D_LARGEFILE_SOURCE -D_LARGEFILE64_SOURCE -DTAIR_DEBUG  conftest.cpp >&5
configure:6403: $? = 0
configure:6407: /usr/bin/nm -B conftest.o \| sed -n -e 's/^.*[ ]\([ABCDGIRSTW][ABCDGIRSTW]*\)[ ][ ]*\([_A-Za-z][_A-Za-z0-9]*\)$/\1 \2 \2/p' | sed '/ __gnu_lto/d' \> conftest.nm
configure:6410: $? = 0
configure:6476: g++ -o conftest -g -Wall -DBOOST_SPIRIT_THREADSAFE -D__USE_LARGEFILE64 -D_FILE_OFFSET_BITS=64 -D_LARGE_FILE  -D_LARGEFILE_SOURCE -D_LARGEFILE64_SOURCE -DTAIR_DEBUG   conftest.cpp conftstm.o >&5
configure:6479: $? = 0
configure:6517: result: ok
configure:6554: checking for sysroot
configure:6584: result: no
configure:6662: g++ -c -g -Wall -DBOOST_SPIRIT_THREADSAFE -D__USE_LARGEFILE64 -D_FILE_OFFSET_BITS=64 -D_LARGE_FILE  -D_LARGEFILE_SOURCE -D_LARGEFILE64_SOURCE -DTAIR_DEBUG  conftest.cpp >&5
configure:6665: $? = 0
configure:6841: checking for mt
configure:6871: result: no
configure:6891: checking if : is a manifest tool
configure:6897: : '-?'
configure:6905: result: no
configure:7547: checking how to run the C preprocessor
configure:7578: gcc -E  conftest.c
configure:7578: $? = 0
configure:7592: gcc -E  conftest.c
conftest.c:11:28: fatal error: ac_nonexistent.h: No such file or directory
 #include <ac_nonexistent.h>
                            ^
compilation terminated.
configure:7592: $? = 1
configure: failed program was:
| /* confdefs.h */
| #define PACKAGE_NAME "tair_rdb"
| #define PACKAGE_TARNAME "tair_rdb"
| #define PACKAGE_VERSION "2.3.5.5"
| #define PACKAGE_STRING "tair_rdb 2.3.5.5"
| #define PACKAGE_BUGREPORT "ruohai@taobao.com"
| #define PACKAGE_URL ""
| #define PACKAGE "tair_rdb"
| #define VERSION "2.3.5.5"
| /* end confdefs.h.  */
| #include <ac_nonexistent.h>
configure:7617: result: gcc -E
configure:7637: gcc -E  conftest.c
configure:7637: $? = 0
configure:7651: gcc -E  conftest.c
conftest.c:11:28: fatal error: ac_nonexistent.h: No such file or directory
 #include <ac_nonexistent.h>
                            ^
compilation terminated.
configure:7651: $? = 1
configure: failed program was:
| /* confdefs.h */
| #define PACKAGE_NAME "tair_rdb"
| #define PACKAGE_TARNAME "tair_rdb"
| #define PACKAGE_VERSION "2.3.5.5"
| #define PACKAGE_STRING "tair_rdb 2.3.5.5"
| #define PACKAGE_BUGREPORT "ruohai@taobao.com"
| #define PACKAGE_URL ""
| #define PACKAGE "tair_rdb"
| #define VERSION "2.3.5.5"
| /* end confdefs.h.  */
| #include <ac_nonexistent.h>
configure:7680: checking for ANSI C header files
configure:7700: gcc -c -g -O2  conftest.c >&5
configure:7700: $? = 0
configure:7773: gcc -o conftest -g -O2   conftest.c  >&5
configure:7773: $? = 0
configure:7773: ./conftest
configure:7773: $? = 0
configure:7784: result: yes
configure:7797: checking for sys/types.h
configure:7797: gcc -c -g -O2  conftest.c >&5
configure:7797: $? = 0
configure:7797: result: yes
configure:7797: checking for sys/stat.h
configure:7797: gcc -c -g -O2  conftest.c >&5
configure:7797: $? = 0
configure:7797: result: yes
configure:7797: checking for stdlib.h
configure:7797: gcc -c -g -O2  conftest.c >&5
configure:7797: $? = 0
configure:7797: result: yes
configure:7797: checking for string.h
configure:7797: gcc -c -g -O2  conftest.c >&5
configure:7797: $? = 0
configure:7797: result: yes
configure:7797: checking for memory.h
configure:7797: gcc -c -g -O2  conftest.c >&5
configure:7797: $? = 0
configure:7797: result: yes
configure:7797: checking for strings.h
configure:7797: gcc -c -g -O2  conftest.c >&5
configure:7797: $? = 0
configure:7797: result: yes
configure:7797: checking for inttypes.h
configure:7797: gcc -c -g -O2  conftest.c >&5
configure:7797: $? = 0
configure:7797: result: yes
configure:7797: checking for stdint.h
configure:7797: gcc -c -g -O2  conftest.c >&5
configure:7797: $? = 0
configure:7797: result: yes
configure:7797: checking for unistd.h
configure:7797: gcc -c -g -O2  conftest.c >&5
configure:7797: $? = 0
configure:7797: result: yes
configure:7811: checking for dlfcn.h
configure:7811: gcc -c -g -O2  conftest.c >&5
configure:7811: $? = 0
configure:7811: result: yes
configure:8027: checking for objdir
configure:8042: result: .libs
configure:8309: checking if gcc supports -fno-rtti -fno-exceptions
configure:8327: gcc -c -g -O2  -fno-rtti -fno-exceptions conftest.c >&5
cc1: warning: command line option '-fno-rtti' is valid for C++/ObjC++ but not for C [enabled by default]
configure:8331: $? = 0
configure:8344: result: no
configure:8671: checking for gcc option to produce PIC
configure:8678: result: -fPIC -DPIC
configure:8686: checking if gcc PIC flag -fPIC -DPIC works
configure:8704: gcc -c -g -O2  -fPIC -DPIC -DPIC conftest.c >&5
configure:8708: $? = 0
configure:8721: result: yes
configure:8750: checking if gcc static flag -static works
configure:8778: result: no
configure:8793: checking if gcc supports -c -o file.o
configure:8814: gcc -c -g -O2  -o out/conftest2.o conftest.c >&5
configure:8818: $? = 0
configure:8840: result: yes
configure:8848: checking if gcc supports -c -o file.o
configure:8895: result: yes
configure:8928: checking whether the gcc linker (/usr/bin/ld -m elf_x86_64) supports shared libraries
configure:10081: result: yes
configure:10118: checking whether -lc should be explicitly linked in
configure:10126: gcc -c -g -O2  conftest.c >&5
configure:10129: $? = 0
configure:10144: gcc -shared  -fPIC -DPIC conftest.o  -v -Wl,-soname -Wl,conftest -o conftest 2\>\&1 \| /usr/bin/grep  -lc  \>/dev/null 2\>\&1
configure:10147: $? = 0
configure:10161: result: no
configure:10321: checking dynamic linker characteristics
configure:10832: gcc -o conftest -g -O2   -Wl,-rpath -Wl,/foo conftest.c  >&5
configure:10832: $? = 0
configure:11058: result: GNU/Linux ld.so
configure:11165: checking how to hardcode library paths into programs
configure:11190: result: immediate
configure:11730: checking whether stripping libraries is possible
configure:11735: result: yes
configure:11770: checking if libtool supports shared libraries
configure:11772: result: yes
configure:11775: checking whether to build shared libraries
configure:11796: result: yes
configure:11799: checking whether to build static libraries
configure:11803: result: yes
configure:11826: checking how to run the C++ preprocessor
configure:11853: g++ -E  conftest.cpp
configure:11853: $? = 0
configure:11867: g++ -E  conftest.cpp
conftest.cpp:23:28: fatal error: ac_nonexistent.h: No such file or directory
 #include <ac_nonexistent.h>
                            ^
compilation terminated.
configure:11867: $? = 1
configure: failed program was:
| /* confdefs.h */
| #define PACKAGE_NAME "tair_rdb"
| #define PACKAGE_TARNAME "tair_rdb"
| #define PACKAGE_VERSION "2.3.5.5"
| #define PACKAGE_STRING "tair_rdb 2.3.5.5"
| #define PACKAGE_BUGREPORT "ruohai@taobao.com"
| #define PACKAGE_URL ""
| #define PACKAGE "tair_rdb"
| #define VERSION "2.3.5.5"
| #define STDC_HEADERS 1
| #define HAVE_SYS_TYPES_H 1
| #define HAVE_SYS_STAT_H 1
| #define HAVE_STDLIB_H 1
| #define HAVE_STRING_H 1
| #define HAVE_MEMORY_H 1
| #define HAVE_STRINGS_H 1
| #define HAVE_INTTYPES_H 1
| #define HAVE_STDINT_H 1
| #define HAVE_UNISTD_H 1
| #define HAVE_DLFCN_H 1
| #define LT_OBJDIR ".libs/"
| /* end confdefs.h.  */
| #include <ac_nonexistent.h>
configure:11892: result: g++ -E
configure:11912: g++ -E  conftest.cpp
configure:11912: $? = 0
configure:11926: g++ -E  conftest.cpp
conftest.cpp:23:28: fatal error: ac_nonexistent.h: No such file or directory
 #include <ac_nonexistent.h>
                            ^
compilation terminated.
configure:11926: $? = 1
configure: failed program was:
| /* confdefs.h */
| #define PACKAGE_NAME "tair_rdb"
| #define PACKAGE_TARNAME "tair_rdb"
| #define PACKAGE_VERSION "2.3.5.5"
| #define PACKAGE_STRING "tair_rdb 2.3.5.5"
| #define PACKAGE_BUGREPORT "ruohai@taobao.com"
| #define PACKAGE_URL ""
| #define PACKAGE "tair_rdb"
| #define VERSION "2.3.5.5"
| #define STDC_HEADERS 1
| #define HAVE_SYS_TYPES_H 1
| #define HAVE_SYS_STAT_H 1
| #define HAVE_STDLIB_H 1
| #define HAVE_STRING_H 1
| #define HAVE_MEMORY_H 1
| #define HAVE_STRINGS_H 1
| #define HAVE_INTTYPES_H 1
| #define HAVE_STDINT_H 1
| #define HAVE_UNISTD_H 1
| #define HAVE_DLFCN_H 1
| #define LT_OBJDIR ".libs/"
| /* end confdefs.h.  */
| #include <ac_nonexistent.h>
configure:12095: checking for ld used by g++
configure:12162: result: /usr/bin/ld -m elf_x86_64
configure:12169: checking if the linker (/usr/bin/ld -m elf_x86_64) is GNU ld
configure:12184: result: yes
configure:12239: checking whether the g++ linker (/usr/bin/ld -m elf_x86_64) supports shared libraries
configure:13244: result: yes
configure:13280: g++ -c -g -Wall -DBOOST_SPIRIT_THREADSAFE -D__USE_LARGEFILE64 -D_FILE_OFFSET_BITS=64 -D_LARGE_FILE  -D_LARGEFILE_SOURCE -D_LARGEFILE64_SOURCE -DTAIR_DEBUG  conftest.cpp >&5
configure:13283: $? = 0
configure:13803: checking for g++ option to produce PIC
configure:13810: result: -fPIC -DPIC
configure:13818: checking if g++ PIC flag -fPIC -DPIC works
configure:13836: g++ -c -g -Wall -DBOOST_SPIRIT_THREADSAFE -D__USE_LARGEFILE64 -D_FILE_OFFSET_BITS=64 -D_LARGE_FILE  -D_LARGEFILE_SOURCE -D_LARGEFILE64_SOURCE -DTAIR_DEBUG  -fPIC -DPIC -DPIC conftest.cpp >&5
configure:13840: $? = 0
configure:13853: result: yes
configure:13876: checking if g++ static flag -static works
configure:13904: result: no
configure:13916: checking if g++ supports -c -o file.o
configure:13937: g++ -c -g -Wall -DBOOST_SPIRIT_THREADSAFE -D__USE_LARGEFILE64 -D_FILE_OFFSET_BITS=64 -D_LARGE_FILE  -D_LARGEFILE_SOURCE -D_LARGEFILE64_SOURCE -DTAIR_DEBUG  -o out/conftest2.o conftest.cpp >&5
configure:13941: $? = 0
configure:13963: result: yes
configure:13968: checking if g++ supports -c -o file.o
configure:14015: result: yes
configure:14045: checking whether the g++ linker (/usr/bin/ld -m elf_x86_64) supports shared libraries
configure:14081: result: yes
configure:14222: checking dynamic linker characteristics
configure:14893: result: GNU/Linux ld.so
configure:14946: checking how to hardcode library paths into programs
configure:14971: result: immediate
configure:15032: checking variable TBLIB_ROOT
configure:15035: result: yes
configure:15072: checking for readline in -lreadline
configure:15097: g++ -o conftest -g -Wall -DBOOST_SPIRIT_THREADSAFE -D__USE_LARGEFILE64 -D_FILE_OFFSET_BITS=64 -D_LARGE_FILE  -D_LARGEFILE_SOURCE -D_LARGEFILE64_SOURCE -DTAIR_DEBUG   conftest.cpp -lreadline -ltermcap  >&5
/usr/bin/ld: cannot find -lreadline
/usr/bin/ld: cannot find -ltermcap
collect2: error: ld returned 1 exit status
configure:15097: $? = 1
configure: failed program was:
| /* confdefs.h */
| #define PACKAGE_NAME "tair_rdb"
| #define PACKAGE_TARNAME "tair_rdb"
| #define PACKAGE_VERSION "2.3.5.5"
| #define PACKAGE_STRING "tair_rdb 2.3.5.5"
| #define PACKAGE_BUGREPORT "ruohai@taobao.com"
| #define PACKAGE_URL ""
| #define PACKAGE "tair_rdb"
| #define VERSION "2.3.5.5"
| #define STDC_HEADERS 1
| #define HAVE_SYS_TYPES_H 1
| #define HAVE_SYS_STAT_H 1
| #define HAVE_STDLIB_H 1
| #define HAVE_STRING_H 1
| #define HAVE_MEMORY_H 1
| #define HAVE_STRINGS_H 1
| #define HAVE_INTTYPES_H 1
| #define HAVE_STDINT_H 1
| #define HAVE_UNISTD_H 1
| #define HAVE_DLFCN_H 1
| #define LT_OBJDIR ".libs/"
| /* end confdefs.h.  */
| 
| /* Override any GCC internal prototype to avoid an error.
|    Use char because int might match the return type of a GCC
|    builtin and then its argument prototype would still apply.  */
| #ifdef __cplusplus
| extern "C"
| #endif
| char readline ();
| int
| main ()
| {
| return readline ();
|   ;
|   return 0;
| }
configure:15106: result: no
configure:15157: checking for boostlib >= 1.30.0
configure:15208: g++ -c -g -Wall -DBOOST_SPIRIT_THREADSAFE -D__USE_LARGEFILE64 -D_FILE_OFFSET_BITS=64 -D_LARGE_FILE  -D_LARGEFILE_SOURCE -D_LARGEFILE64_SOURCE -DTAIR_DEBUG  -I/usr/include conftest.cpp >&5
configure:15208: $? = 0
configure:15210: result: yes
configure:15340: checking whether the Boost::Filesystem library is available
configure:15364: g++ -c -g -Wall -DBOOST_SPIRIT_THREADSAFE -D__USE_LARGEFILE64 -D_FILE_OFFSET_BITS=64 -D_LARGE_FILE  -D_LARGEFILE_SOURCE -D_LARGEFILE64_SOURCE -DTAIR_DEBUG  -I/usr/include conftest.cpp >&5
configure:15364: $? = 0
configure:15378: result: yes
configure:15389: checking for main in -lboost_filesystem
configure:15408: g++ -o conftest -g -Wall -DBOOST_SPIRIT_THREADSAFE -D__USE_LARGEFILE64 -D_FILE_OFFSET_BITS=64 -D_LARGE_FILE  -D_LARGEFILE_SOURCE -D_LARGEFILE64_SOURCE -DTAIR_DEBUG  -I/usr/include  -L/usr/lib conftest.cpp -lboost_filesystem   >&5
configure:15408: $? = 0
configure:15418: result: yes
configure:15433: checking whether the Boost::Program_Options library is available
configure:15456: g++ -c -g -Wall -DBOOST_SPIRIT_THREADSAFE -D__USE_LARGEFILE64 -D_FILE_OFFSET_BITS=64 -D_LARGE_FILE  -D_LARGEFILE_SOURCE -D_LARGEFILE64_SOURCE -DTAIR_DEBUG  -I/usr/include conftest.cpp >&5
configure:15456: $? = 0
configure:15470: result: yes
configure:15481: checking for main in -lboost_program_options
configure:15500: g++ -o conftest -g -Wall -DBOOST_SPIRIT_THREADSAFE -D__USE_LARGEFILE64 -D_FILE_OFFSET_BITS=64 -D_LARGE_FILE  -D_LARGEFILE_SOURCE -D_LARGEFILE64_SOURCE -DTAIR_DEBUG  -I/usr/include  -L/usr/lib conftest.cpp -lboost_program_options   >&5
configure:15500: $? = 0
configure:15510: result: yes
configure:15525: checking whether the Boost::Thread library is available
configure:15557: g++ -c -pthread -g -Wall -DBOOST_SPIRIT_THREADSAFE -D__USE_LARGEFILE64 -D_FILE_OFFSET_BITS=64 -D_LARGE_FILE  -D_LARGEFILE_SOURCE -D_LARGEFILE64_SOURCE -DTAIR_DEBUG  -I/usr/include conftest.cpp >&5
configure:15557: $? = 0
configure:15572: result: yes
configure:15592: checking for main in -lboost_thread
configure:15611: g++ -o conftest -g -Wall -DBOOST_SPIRIT_THREADSAFE -D__USE_LARGEFILE64 -D_FILE_OFFSET_BITS=64 -D_LARGE_FILE  -D_LARGEFILE_SOURCE -D_LARGEFILE64_SOURCE -DTAIR_DEBUG  -I/usr/include  -L/usr/lib conftest.cpp -lboost_thread   >&5
configure:15611: $? = 0
configure:15621: result: yes
configure:15636: checking whether the Boost::IOStreams library is available
configure:15664: g++ -c -g -Wall -DBOOST_SPIRIT_THREADSAFE -D__USE_LARGEFILE64 -D_FILE_OFFSET_BITS=64 -D_LARGE_FILE  -D_LARGEFILE_SOURCE -D_LARGEFILE64_SOURCE -DTAIR_DEBUG  -I/usr/include conftest.cpp >&5
configure:15664: $? = 0
configure:15678: result: yes
configure:15689: checking for main in -lboost_iostreams
configure:15708: g++ -o conftest -g -Wall -DBOOST_SPIRIT_THREADSAFE -D__USE_LARGEFILE64 -D_FILE_OFFSET_BITS=64 -D_LARGE_FILE  -D_LARGEFILE_SOURCE -D_LARGEFILE64_SOURCE -DTAIR_DEBUG  -I/usr/include  -L/usr/lib conftest.cpp -lboost_iostreams   >&5
configure:15708: $? = 0
configure:15718: result: yes
configure:15733: checking whether the Boost::Serialization library is available
configure:15761: g++ -c -g -Wall -DBOOST_SPIRIT_THREADSAFE -D__USE_LARGEFILE64 -D_FILE_OFFSET_BITS=64 -D_LARGE_FILE  -D_LARGEFILE_SOURCE -D_LARGEFILE64_SOURCE -DTAIR_DEBUG  -I/usr/include conftest.cpp >&5
configure:15761: $? = 0
configure:15775: result: yes
configure:15786: checking for main in -lboost_serialization
configure:15805: g++ -o conftest -g -Wall -DBOOST_SPIRIT_THREADSAFE -D__USE_LARGEFILE64 -D_FILE_OFFSET_BITS=64 -D_LARGE_FILE  -D_LARGEFILE_SOURCE -D_LARGEFILE64_SOURCE -DTAIR_DEBUG  -I/usr/include  -L/usr/lib conftest.cpp -lboost_serialization   >&5
configure:15805: $? = 0
configure:15815: result: yes
configure:15834: checking for main in -lboost_wserialization
configure:15853: g++ -o conftest -g -Wall -DBOOST_SPIRIT_THREADSAFE -D__USE_LARGEFILE64 -D_FILE_OFFSET_BITS=64 -D_LARGE_FILE  -D_LARGEFILE_SOURCE -D_LARGEFILE64_SOURCE -DTAIR_DEBUG  -I/usr/include  -L/usr/lib conftest.cpp -lboost_wserialization   >&5
configure:15853: $? = 0
configure:15863: result: yes
configure:15878: checking whether the Boost::Signals library is available
configure:15903: g++ -c -g -Wall -DBOOST_SPIRIT_THREADSAFE -D__USE_LARGEFILE64 -D_FILE_OFFSET_BITS=64 -D_LARGE_FILE  -D_LARGEFILE_SOURCE -D_LARGEFILE64_SOURCE -DTAIR_DEBUG  -I/usr/include conftest.cpp >&5
configure:15903: $? = 0
configure:15917: result: yes
configure:15928: checking for main in -lboost_signals
configure:15947: g++ -o conftest -g -Wall -DBOOST_SPIRIT_THREADSAFE -D__USE_LARGEFILE64 -D_FILE_OFFSET_BITS=64 -D_LARGE_FILE  -D_LARGEFILE_SOURCE -D_LARGEFILE64_SOURCE -DTAIR_DEBUG  -I/usr/include  -L/usr/lib conftest.cpp -lboost_signals   >&5
configure:15947: $? = 0
configure:15957: result: yes
configure:15972: checking whether the Boost::Date_Time library is available
configure:15997: g++ -c -g -Wall -DBOOST_SPIRIT_THREADSAFE -D__USE_LARGEFILE64 -D_FILE_OFFSET_BITS=64 -D_LARGE_FILE  -D_LARGEFILE_SOURCE -D_LARGEFILE64_SOURCE -DTAIR_DEBUG  -I/usr/include conftest.cpp >&5
configure:15997: $? = 0
configure:16011: result: yes
configure:16022: checking for main in -lboost_date_time
configure:16041: g++ -o conftest -g -Wall -DBOOST_SPIRIT_THREADSAFE -D__USE_LARGEFILE64 -D_FILE_OFFSET_BITS=64 -D_LARGE_FILE  -D_LARGEFILE_SOURCE -D_LARGEFILE64_SOURCE -DTAIR_DEBUG  -I/usr/include  -L/usr/lib conftest.cpp -lboost_date_time   >&5
configure:16041: $? = 0
configure:16051: result: yes
configure:16066: checking whether the Boost::Regex library is available
configure:16089: g++ -c -g -Wall -DBOOST_SPIRIT_THREADSAFE -D__USE_LARGEFILE64 -D_FILE_OFFSET_BITS=64 -D_LARGE_FILE  -D_LARGEFILE_SOURCE -D_LARGEFILE64_SOURCE -DTAIR_DEBUG  -I/usr/include conftest.cpp >&5
configure:16089: $? = 0
configure:16103: result: yes
configure:16114: checking for main in -lboost_regex
configure:16133: g++ -o conftest -g -Wall -DBOOST_SPIRIT_THREADSAFE -D__USE_LARGEFILE64 -D_FILE_OFFSET_BITS=64 -D_LARGE_FILE  -D_LARGEFILE_SOURCE -D_LARGEFILE64_SOURCE -DTAIR_DEBUG  -I/usr/include  -L/usr/lib conftest.cpp -lboost_regex   >&5
configure:16133: $? = 0
configure:16143: result: yes
configure:16158: checking whether the Boost::UnitTestFramework library is available
configure:16181: g++ -c -g -Wall -DBOOST_SPIRIT_THREADSAFE -D__USE_LARGEFILE64 -D_FILE_OFFSET_BITS=64 -D_LARGE_FILE  -D_LARGEFILE_SOURCE -D_LARGEFILE64_SOURCE -DTAIR_DEBUG  -I/usr/include conftest.cpp >&5
conftest.cpp: In function 'int main()':
conftest.cpp:37:35: warning: unused variable 'test' [-Wunused-variable]
                       test_suite* test= BOOST_TEST_SUITE( "Unit test example 1" ); return 0;
                                   ^
configure:16181: $? = 0
configure:16195: result: yes
configure:16207: checking the name of the Boost::UnitTestFramework library
configure:16235: g++ -o conftest -g -Wall -DBOOST_SPIRIT_THREADSAFE -D__USE_LARGEFILE64 -D_FILE_OFFSET_BITS=64 -D_LARGE_FILE  -D_LARGEFILE_SOURCE -D_LARGEFILE64_SOURCE -DTAIR_DEBUG  -I/usr/include  -L/usr/lib -lboost_unit_test_framework conftest.cpp  >&5
configure:16235: $? = 0
configure:16250: result: 
configure:16416: checking that generated files are newer than configure
configure:16422: result: done
configure:16461: creating ./config.status

## ---------------------- ##
## Running config.status. ##
## ---------------------- ##

This file was extended by tair_rdb config.status 2.3.5.5, which was
generated by GNU Autoconf 2.69.  Invocation command line was

  CONFIG_FILES    = 
  CONFIG_HEADERS  = 
  CONFIG_LINKS    = 
  CONFIG_COMMANDS = 
  $ ./config.status 

on 5a926fde51bc

config.status:1108: creating Makefile
config.status:1108: creating src/Makefile
config.status:1108: creating src/common/Makefile
config.status:1108: creating src/plugin/Makefile
config.status:1108: creating src/storage/Makefile
config.status:1108: creating src/storage/rdb/Makefile
config.status:1108: creating src/storage/mock/Makefile
config.status:1108: creating src/storage/fdb/Makefile
config.status:1108: creating src/storage/mdb/Makefile
config.status:1108: creating src/storage/kdb/Makefile
config.status:1108: creating src/storage/kdb/kyotocabinet/Makefile
config.status:1108: creating src/packets/Makefile
config.status:1108: creating src/configserver/Makefile
config.status:1108: creating src/dataserver/Makefile
config.status:1108: creating src/client/Makefile
config.status:1108: creating test/Makefile
config.status:1108: creating test/interface_test/Makefile
config.status:1108: creating test/localqueue_test/Makefile
config.status:1108: creating test/rdb_interface_test/Makefile
config.status:1108: creating test/binlog_test/Makefile
config.status:1108: creating scripts/Makefile
config.status:1108: creating share/Makefile
config.status:1280: executing depfiles commands
config.status:1280: executing libtool commands

## ---------------- ##
## Cache variables. ##
## ---------------- ##

ac_cv_build=x86_64-unknown-linux-gnu
ac_cv_c_compiler_gnu=yes
ac_cv_cxx_compiler_gnu=yes
ac_cv_env_CCC_set=
ac_cv_env_CCC_value=
ac_cv_env_CC_set=
ac_cv_env_CC_value=
ac_cv_env_CFLAGS_set=
ac_cv_env_CFLAGS_value=
ac_cv_env_CPPFLAGS_set=
ac_cv_env_CPPFLAGS_value=
ac_cv_env_CPP_set=
ac_cv_env_CPP_value=
ac_cv_env_CXXCPP_set=
ac_cv_env_CXXCPP_value=
ac_cv_env_CXXFLAGS_set=
ac_cv_env_CXXFLAGS_value=
ac_cv_env_CXX_set=
ac_cv_env_CXX_value=
ac_cv_env_LDFLAGS_set=
ac_cv_env_LDFLAGS_value=
ac_cv_env_LIBS_set=
ac_cv_env_LIBS_value=
ac_cv_env_build_alias_set=
ac_cv_env_build_alias_value=
ac_cv_env_host_alias_set=
ac_cv_env_host_alias_value=
ac_cv_env_target_alias_set=
ac_cv_env_target_alias_value=
ac_cv_header_dlfcn_h=yes
ac_cv_header_inttypes_h=yes
ac_cv_header_memory_h=yes
ac_cv_header_stdc=yes
ac_cv_header_stdint_h=yes
ac_cv_header_stdlib_h=yes
ac_cv_header_string_h=yes
ac_cv_header_strings_h=yes
ac_cv_header_sys_stat_h=yes
ac_cv_header_sys_types_h=yes
ac_cv_header_unistd_h=yes
ac_cv_host=x86_64-unknown-linux-gnu
ac_cv_lib_boost_date_time___main=yes
ac_cv_lib_boost_filesystem___main=yes
ac_cv_lib_boost_iostreams___main=yes
ac_cv_lib_boost_program_options___main=yes
ac_cv_lib_boost_regex___main=yes
ac_cv_lib_boost_serialization___main=yes
ac_cv_lib_boost_signals___main=yes
ac_cv_lib_boost_thread___main=yes
ac_cv_lib_boost_wserialization___main=yes
ac_cv_lib_readline_readline=no
ac_cv_objext=o
ac_cv_path_EGREP='/usr/bin/grep -E'
ac_cv_path_FGREP='/usr/bin/grep -F'
ac_cv_path_GREP=/usr/bin/grep
ac_cv_path_SED=/usr/bin/sed
ac_cv_path_install='/usr/bin/install -c'
ac_cv_path_mkdir=/usr/bin/mkdir
ac_cv_prog_AWK=gawk
ac_cv_prog_CPP='gcc -E'
ac_cv_prog_CXXCPP='g++ -E'
ac_cv_prog_ac_ct_AR=ar
ac_cv_prog_ac_ct_CC=gcc
ac_cv_prog_ac_ct_CXX=g++
ac_cv_prog_ac_ct_OBJDUMP=objdump
ac_cv_prog_ac_ct_RANLIB=ranlib
ac_cv_prog_ac_ct_STRIP=strip
ac_cv_prog_cc_c89=
ac_cv_prog_cc_g=yes
ac_cv_prog_cxx_g=yes
ac_cv_prog_make_make_set=yes
am_cv_CC_dependencies_compiler_type=gcc3
am_cv_CXX_dependencies_compiler_type=gcc3
am_cv_make_support_nested_variables=yes
ax_cv_boost_date_time=yes
ax_cv_boost_filesystem=yes
ax_cv_boost_iostreams=yes
ax_cv_boost_program_options=yes
ax_cv_boost_regex=yes
ax_cv_boost_serialization=yes
ax_cv_boost_signals=yes
ax_cv_boost_thread=yes
ax_cv_boost_unit_test_framework=yes
lt_cv_ar_at_file=@
lt_cv_archive_cmds_need_lc=no
lt_cv_deplibs_check_method=pass_all
lt_cv_file_magic_cmd='$MAGIC_CMD'
lt_cv_file_magic_test_file=
lt_cv_ld_reload_flag=-r
lt_cv_nm_interface='BSD nm'
lt_cv_objdir=.libs
lt_cv_path_LD=/usr/bin/ld
lt_cv_path_LDCXX='/usr/bin/ld -m elf_x86_64'
lt_cv_path_NM='/usr/bin/nm -B'
lt_cv_path_mainfest_tool=no
lt_cv_prog_compiler_c_o=yes
lt_cv_prog_compiler_c_o_CXX=yes
lt_cv_prog_compiler_pic='-fPIC -DPIC'
lt_cv_prog_compiler_pic_CXX='-fPIC -DPIC'
lt_cv_prog_compiler_pic_works=yes
lt_cv_prog_compiler_pic_works_CXX=yes
lt_cv_prog_compiler_rtti_exceptions=no
lt_cv_prog_compiler_static_works=no
lt_cv_prog_compiler_static_works_CXX=no
lt_cv_prog_gnu_ld=yes
lt_cv_prog_gnu_ldcxx=yes
lt_cv_sharedlib_from_linklib_cmd='printf %s\n'
lt_cv_shlibpath_overrides_runpath=no
lt_cv_sys_global_symbol_pipe='sed -n -e '\''s/^.*[	 ]\([ABCDGIRSTW][ABCDGIRSTW]*\)[	 ][	 ]*\([_A-Za-z][_A-Za-z0-9]*\)$/\1 \2 \2/p'\'' | sed '\''/ __gnu_lto/d'\'''
lt_cv_sys_global_symbol_to_c_name_address='sed -n -e '\''s/^: \([^ ]*\)[ ]*$/  {\"\1\", (void *) 0},/p'\'' -e '\''s/^[ABCDGIRSTW]* \([^ ]*\) \([^ ]*\)$/  {"\2", (void *) \&\2},/p'\'''
lt_cv_sys_global_symbol_to_c_name_address_lib_prefix='sed -n -e '\''s/^: \([^ ]*\)[ ]*$/  {\"\1\", (void *) 0},/p'\'' -e '\''s/^[ABCDGIRSTW]* \([^ ]*\) \(lib[^ ]*\)$/  {"\2", (void *) \&\2},/p'\'' -e '\''s/^[ABCDGIRSTW]* \([^ ]*\) \([^ ]*\)$/  {"lib\2", (void *) \&\2},/p'\'''
lt_cv_sys_global_symbol_to_cdecl='sed -n -e '\''s/^T .* \(.*\)$/extern int \1();/p'\'' -e '\''s/^[ABCDGIRSTW]* .* \(.*\)$/extern char \1;/p'\'''
lt_cv_sys_max_cmd_len=1572864
lt_cv_to_host_file_cmd=func_convert_file_noop
lt_cv_to_tool_file_cmd=func_convert_file_noop

## ----------------- ##
## Output variables. ##
## ----------------- ##

ACLOCAL='${SHELL} /root/tair-rdb/missing aclocal-1.13'
AMDEPBACKSLASH='\'
AMDEP_FALSE='#'
AMDEP_TRUE=''
AMTAR='$${TAR-tar}'
AM_BACKSLASH='\'
AM_DEFAULT_V='$(AM_DEFAULT_VERBOSITY)'
AM_DEFAULT_VERBOSITY='1'
AM_V='$(V)'
AR='ar'
AUTOCONF='${SHELL} /root/tair-rdb/missing autoconf'
AUTOHEADER='${SHELL} /root/tair-rdb/missing autoheader'
AUTOMAKE='${SHELL} /root/tair-rdb/missing automake-1.13'
AWK='gawk'
BOOST_CPPFLAGS='-pthread -I/usr/include'
BOOST_DATE_TIME_LIB='-lboost_date_time'
BOOST_FILESYSTEM_LIB='-lboost_filesystem'
BOOST_IOSTREAMS_LIB='-lboost_iostreams'
BOOST_LDFLAGS='-L/usr/lib'
BOOST_PROGRAM_OPTIONS_LIB='-lboost_program_options'
BOOST_REGEX_LIB='-lboost_regex'
BOOST_SERIALIZATION_LIB='-lboost_serialization'
BOOST_SIGNALS_LIB='-lboost_signals'
BOOST_THREAD_LIB='-lboost_thread'
BOOST_UNIT_TEST_FRAMEWORK_LIB='-lboost_unit_test_framework'
BOOST_WSERIALIZATION_LIB='-lboost_wserialization'
CC='gcc'
CCDEPMODE='depmode=gcc3'
CFLAGS='-g -O2'
CPP='gcc -E'
CPPFLAGS=''
CXX='g++'
CXXCPP='g++ -E'
CXXDEPMODE='depmode=gcc3'
CXXFLAGS='-g -Wall -DBOOST_SPIRIT_THREADSAFE -D__USE_LARGEFILE64 -D_FILE_OFFSET_BITS=64 -D_LARGE_FILE  -D_LARGEFILE_SOURCE -D_LARGEFILE64_SOURCE -DTAIR_DEBUG'
CYGPATH_W='echo'
DEFS='-DPACKAGE_NAME=\"tair_rdb\" -DPACKAGE_TARNAME=\"tair_rdb\" -DPACKAGE_VERSION=\"2.3.5.5\" -DPACKAGE_STRING=\"tair_rdb\ 2.3.5.5\" -DPACKAGE_BUGREPORT=\"ruohai@taobao.com\" -DPACKAGE_URL=\"\" -DPACKAGE=\"tair_rdb\" -DVERSION=\"2.3.5.5\" -DSTDC_HEADERS=1 -DHAVE_SYS_TYPES_H=1 -DHAVE_SYS_STAT_H=1 -DHAVE_STDLIB_H=1 -DHAVE_STRING_H=1 -DHAVE_MEMORY_H=1 -DHAVE_STRINGS_H=1 -DHAVE_INTTYPES_H=1 -DHAVE_STDINT_H=1 -DHAVE_UNISTD_H=1 -DHAVE_DLFCN_H=1 -DLT_OBJDIR=\".libs/\" -DHAVE_BOOST=/\*\*/ -DHAVE_BOOST_FILESYSTEM=/\*\*/ -DHAVE_BOOST_PROGRAM_OPTIONS=/\*\*/ -DHAVE_BOOST_THREAD=/\*\*/ -DHAVE_BOOST_IOSTREAMS=/\*\*/ -DHAVE_BOOST_SERIALIZATION=/\*\*/ -DHAVE_BOOST_SIGNALS=/\*\*/ -DHAVE_BOOST_DATE_TIME=/\*\*/ -DHAVE_BOOST_REGEX=/\*\*/ -DHAVE_BOOST_UNIT_TEST_FRAMEWORK=/\*\*/'
DEPDIR='.deps'
DLLTOOL='false'
DSYMUTIL=''
DUMPBIN=''
ECHO_C=''
ECHO_N='-n'
ECHO_T=''
EGREP='/usr/bin/grep -E'
EXEEXT=''
FGREP='/usr/bin/grep -F'
GCOV_LIB=''
GREP='/usr/bin/grep'
INSTALL_DATA='${INSTALL} -m 644'
INSTALL_PROGRAM='${INSTALL}'
INSTALL_SCRIPT='${INSTALL}'
INSTALL_STRIP_PROGRAM='$(install_sh) -c -s'
LD='/usr/bin/ld -m elf_x86_64'
LDFLAGS=''
LIBOBJS=''
LIBS=''
LIBTOOL='$(SHELL) $(top_builddir)/libtool'
LIPO=''
LN_S='ln -s'
LTLIBOBJS=''
MAKEINFO='${SHELL} /root/tair-rdb/missing makeinfo'
MANIFEST_TOOL=':'
MKDIR_P='/usr/bin/mkdir -p'
NM='/usr/bin/nm -B'
NMEDIT=''
OBJDUMP='objdump'
OBJEXT='o'
OTOOL64=''
OTOOL=''
PACKAGE='tair_rdb'
PACKAGE_BUGREPORT='ruohai@taobao.com'
PACKAGE_NAME='tair_rdb'
PACKAGE_STRING='tair_rdb 2.3.5.5'
PACKAGE_TARNAME='tair_rdb'
PACKAGE_URL=''
PACKAGE_VERSION='2.3.5.5'
PATH_SEPARATOR=':'
RANLIB='ranlib'
SED='/usr/bin/sed'
SET_MAKE=''
SHELL='/bin/sh'
STRIP='strip'
TEST_OPT_FALSE=''
TEST_OPT_TRUE='#'
VERSION='2.3.5.5'
WITH_KDB_FALSE=''
WITH_KDB_TRUE='#'
WITH_READLINE_FALSE=''
WITH_READLINE_TRUE='#'
ac_ct_AR='ar'
ac_ct_CC='gcc'
ac_ct_CXX='g++'
ac_ct_DUMPBIN=''
am__EXEEXT_FALSE=''
am__EXEEXT_TRUE='#'
am__fastdepCC_FALSE='#'
am__fastdepCC_TRUE=''
am__fastdepCXX_FALSE='#'
am__fastdepCXX_TRUE=''
am__include='include'
am__isrc=''
am__leading_dot='.'
am__nodep='_no'
am__quote=''
am__tar='$${TAR-tar} chof - "$$tardir"'
am__untar='$${TAR-tar} xf -'
bindir='${exec_prefix}/bin'
build='x86_64-unknown-linux-gnu'
build_alias=''
build_cpu='x86_64'
build_os='linux-gnu'
build_vendor='unknown'
datadir='${datarootdir}'
datarootdir='${prefix}/share'
docdir='${datarootdir}/doc/${PACKAGE_TARNAME}'
dvidir='${docdir}'
exec_prefix='${prefix}'
host='x86_64-unknown-linux-gnu'
host_alias=''
host_cpu='x86_64'
host_os='linux-gnu'
host_vendor='unknown'
htmldir='${docdir}'
includedir='${prefix}/include'
infodir='${datarootdir}/info'
install_sh='${SHELL} /root/tair-rdb/install-sh'
libdir='${exec_prefix}/lib'
libexecdir='${exec_prefix}/libexec'
localedir='${datarootdir}/locale'
localstatedir='${prefix}/var'
mandir='${datarootdir}/man'
mkdir_p='$(MKDIR_P)'
oldincludedir='/usr/include'
pdfdir='${docdir}'
prefix='/root/tair_rdb_bin'
program_transform_name='s,x,x,'
psdir='${docdir}'
sbindir='${exec_prefix}/sbin'
sharedstatedir='${prefix}/com'
sysconfdir='${prefix}/etc'
target_alias=''

## ----------- ##
## confdefs.h. ##
## ----------- ##

/* confdefs.h */
#define PACKAGE_NAME "tair_rdb"
#define PACKAGE_TARNAME "tair_rdb"
#define PACKAGE_VERSION "2.3.5.5"
#define PACKAGE_STRING "tair_rdb 2.3.5.5"
#define PACKAGE_BUGREPORT "ruohai@taobao.com"
#define PACKAGE_URL ""
#define PACKAGE "tair_rdb"
#define VERSION "2.3.5.5"
#define STDC_HEADERS 1
#define HAVE_SYS_TYPES_H 1
#define HAVE_SYS_STAT_H 1
#define HAVE_STDLIB_H 1
#define HAVE_STRING_H 1
#define HAVE_MEMORY_H 1
#define HAVE_STRINGS_H 1
#define HAVE_INTTYPES_H 1
#define HAVE_STDINT_H 1
#define HAVE_UNISTD_H 1
#define HAVE_DLFCN_H 1
#define LT_OBJDIR ".libs/"
#define HAVE_BOOST /**/
#define HAVE_BOOST_FILESYSTEM /**/
#define HAVE_BOOST_PROGRAM_OPTIONS /**/
#define HAVE_BOOST_THREAD /**/
#define HAVE_BOOST_IOSTREAMS /**/
#define HAVE_BOOST_SERIALIZATION /**/
#define HAVE_BOOST_SIGNALS /**/
#define HAVE_BOOST_DATE_TIME /**/
#define HAVE_BOOST_REGEX /**/
#define HAVE_BOOST_UNIT_TEST_FRAMEWORK /**/

configure: exit 0
